<?xml version="1.0" encoding="UTF-8"?>
<!-- Generated by org.testng.reporters.JUnitReportReporter -->
<testsuite name="com.zxp.test.SeleniumActionTest" tests="3" time="6.546" ignored="0" failures="0" timestamp="25 三月 2018 03:00:58 GMT" skipped="0" hostname="DESKTOP-VVQ736U" errors="0">
  <testcase name="testMouseStop" time="2.144" classname="com.zxp.test.SeleniumActionTest"/>
  <testcase name="testMouseHold" time="0.825" classname="com.zxp.test.SeleniumActionTest"/>
  <testcase name="testDraggable" time="3.577" classname="com.zxp.test.SeleniumActionTest"/>
</testsuite> <!-- com.zxp.test.SeleniumActionTest -->
