<?xml version="1.0" encoding="UTF-8"?>
<!-- Generated by org.testng.reporters.JUnitReportReporter -->
<testsuite name="com.zxp.test.IETest" tests="1" time="44.289" ignored="7" failures="0" timestamp="25 三月 2018 02:32:03 GMT" skipped="0" hostname="DESKTOP-VVQ736U" errors="0">
  <testcase name="openBaidu" time="44.289" classname="com.zxp.test.IETest"/>
  <testcase name="learnNavigate" classname="com.zxp.test.ChromeTest">
    <skipped/>
  </testcase> <!-- learnNavigate -->
  <testcase name="openBaidu" classname="com.zxp.test.ChromeTest">
    <skipped/>
  </testcase> <!-- openBaidu -->
  <testcase name="openIcode" classname="com.zxp.test.ChromeTest">
    <skipped/>
  </testcase> <!-- openIcode -->
  <testcase name="openNewsByCssSelector" classname="com.zxp.test.ChromeTest">
    <skipped/>
  </testcase> <!-- openNewsByCssSelector -->
  <testcase name="openNewsByLink" classname="com.zxp.test.ChromeTest">
    <skipped/>
  </testcase> <!-- openNewsByLink -->
  <testcase name="openNewsByCss" classname="com.zxp.test.ChromeTest">
    <skipped/>
  </testcase> <!-- openNewsByCss -->
  <testcase name="openNewsByName" classname="com.zxp.test.ChromeTest">
    <skipped/>
  </testcase> <!-- openNewsByName -->
</testsuite> <!-- com.zxp.test.IETest -->
