<?xml version="1.0" encoding="UTF-8"?>
<!-- Generated by org.testng.reporters.JUnitReportReporter -->
<testsuite name="com.zxp.test.ChromeTest" tests="1" time="13.653" ignored="8" failures="0" timestamp="25 三月 2018 03:37:11 GMT" skipped="0" hostname="DESKTOP-VVQ736U" errors="0">
  <testcase name="test3" time="13.653" classname="com.zxp.test.ChromeTest"/>
  <testcase name="learnNavigate" classname="com.zxp.test.ChromeTest">
    <skipped/>
  </testcase> <!-- learnNavigate -->
  <testcase name="openBaidu" classname="com.zxp.test.ChromeTest">
    <skipped/>
  </testcase> <!-- openBaidu -->
  <testcase name="openIcode" classname="com.zxp.test.ChromeTest">
    <skipped/>
  </testcase> <!-- openIcode -->
  <testcase name="openNewsByCssSelector" classname="com.zxp.test.ChromeTest">
    <skipped/>
  </testcase> <!-- openNewsByCssSelector -->
  <testcase name="openNewsByPath" classname="com.zxp.test.ChromeTest">
    <skipped/>
  </testcase> <!-- openNewsByPath -->
  <testcase name="openNewsByLink" classname="com.zxp.test.ChromeTest">
    <skipped/>
  </testcase> <!-- openNewsByLink -->
  <testcase name="openNewsByCss" classname="com.zxp.test.ChromeTest">
    <skipped/>
  </testcase> <!-- openNewsByCss -->
  <testcase name="openNewsByName" classname="com.zxp.test.ChromeTest">
    <skipped/>
  </testcase> <!-- openNewsByName -->
</testsuite> <!-- com.zxp.test.ChromeTest -->
