<?xml version="1.0" encoding="UTF-8"?>
<!-- Generated by org.testng.reporters.JUnitReportReporter -->
<testsuite name="com.zxp.test.LoginTest" tests="1" time="0.940" ignored="0" failures="0" timestamp="11 五月 2018 06:18:13 GMT" skipped="0" hostname="DESKTOP-VVQ736U" errors="0">
  <testcase name="loginTest" time="0.940" classname="com.zxp.test.LoginTest"/>
</testsuite> <!-- com.zxp.test.LoginTest -->
