<?xml version="1.0" encoding="UTF-8"?>
<!-- Generated by org.testng.reporters.JUnitReportReporter -->
<testsuite name="com.zxp.test.FristTest" tests="1" time="42.585" ignored="0" failures="0" timestamp="12 二月 2018 06:08:33 GMT" skipped="0" hostname="DESKTOP-VVQ736U" errors="0">
  <testcase name="openBaidu" time="42.585" classname="com.zxp.test.FristTest"/>
</testsuite> <!-- com.zxp.test.FristTest -->
