<?xml version="1.0" encoding="UTF-8"?>
<!-- Generated by org.testng.reporters.JUnitReportReporter -->
<testsuite name="com.zxp.test.SeleniumActionTest" tests="3" time="9.183" ignored="0" failures="0" timestamp="04 五月 2018 08:07:07 GMT" skipped="0" hostname="DESKTOP-VVQ736U" errors="0">
  <testcase name="testMouseHold" time="2.218" classname="com.zxp.test.SeleniumActionTest"/>
  <testcase name="testDraggable" time="2.688" classname="com.zxp.test.SeleniumActionTest"/>
  <testcase name="testMouseStop" time="4.277" classname="com.zxp.test.SeleniumActionTest"/>
</testsuite> <!-- com.zxp.test.SeleniumActionTest -->
