<?xml version="1.0" encoding="UTF-8"?>
<!-- Generated by org.testng.reporters.JUnitReportReporter -->
<testsuite name="com.zxp.test.LoginTest" tests="1" time="1.431" ignored="0" failures="0" timestamp="30 三月 2018 07:41:40 GMT" skipped="0" hostname="DESKTOP-VVQ736U" errors="0">
  <testcase name="loginTest" time="1.431" classname="com.zxp.test.LoginTest"/>
</testsuite> <!-- com.zxp.test.LoginTest -->
