<?xml version="1.0" encoding="UTF-8"?>
<!-- Generated by org.testng.reporters.JUnitReportReporter -->
<testsuite name="com.zxp.test.TakeScreenshotTest" tests="6" time="74.740" ignored="1" failures="0" timestamp="25 三月 2018 03:46:55 GMT" skipped="0" hostname="DESKTOP-VVQ736U" errors="0">
  <testcase name="testUploadPic" time="3.542" classname="com.zxp.test.TakeScreenshotTest"/>
  <testcase name="testScreenshot" time="1.758" classname="com.zxp.test.TakeScreenshotTest"/>
  <testcase name="testRobot" time="2.735" classname="com.zxp.test.TakeScreenshotTest"/>
  <testcase name="testDatePicker" time="30.571" classname="com.zxp.test.TakeScreenshotTest"/>
  <testcase name="testHandPopup" time="25.415" classname="com.zxp.test.TakeScreenshotTest"/>
  <testcase name="testExplicitWait" time="10.719" classname="com.zxp.test.TakeScreenshotTest"/>
  <testcase name="testFrame" classname="com.zxp.test.SeleniumTest">
    <skipped/>
  </testcase> <!-- testFrame -->
</testsuite> <!-- com.zxp.test.TakeScreenshotTest -->
