<?xml version="1.0" encoding="UTF-8"?>
<!-- Generated by org.testng.reporters.JUnitReportReporter -->
<testsuite name="com.zxp.test.SeleniumTest" tests="6" time="107.132" ignored="1" failures="0" timestamp="16 四月 2018 07:22:47 GMT" skipped="0" hostname="DESKTOP-VVQ736U" errors="0">
  <testcase name="testScript" time="26.562" classname="com.zxp.test.SeleniumTest"/>
  <testcase name="test1" time="3.014" classname="com.zxp.test.SeleniumTest"/>
  <testcase name="testChangeColor" time="22.205" classname="com.zxp.test.SeleniumTest"/>
  <testcase name="testAlert" time="22.987" classname="com.zxp.test.SeleniumTest"/>
  <testcase name="test2" time="11.019" classname="com.zxp.test.SeleniumTest"/>
  <testcase name="test3" time="21.345" classname="com.zxp.test.SeleniumTest"/>
  <testcase name="testFrame" classname="com.zxp.test.SeleniumTest">
    <skipped/>
  </testcase> <!-- testFrame -->
</testsuite> <!-- com.zxp.test.SeleniumTest -->
